<?xml version="1.0" encoding="UTF-8"?>
<!-- Generated by org.testng.reporters.JUnitReportReporter -->
<testsuite skipped="0" hostname="DESKTOP-BV5IUMI" name="samplePack.test1" tests="1" failures="0" timestamp="30 May 2018 16:17:41 GMT" time="12.672" errors="0">
  <testcase name="launchBrowser" time="12.672" classname="samplePack.test1"/>
</testsuite> <!-- samplePack.test1 -->
